[s6-init] making user provided files available at /var/run/s6/etc...exited 0.
[s6-init] ensuring user provided files have correct perms...exited 0.
[fix-attrs.d] applying ownership & permissions fixes...
[fix-attrs.d] done.
[cont-init.d] executing container initialization scripts...
[cont-init.d] done.
[services.d] starting services
[services.d] done.
/opt/bin/serf agent --join ha --tag role=backend
==> Starting Serf agent...
==> Starting Serf agent RPC...
==> Serf agent running!
         Node name: 'a83468f0298c'
         Bind addr: '0.0.0.0:7946'
          RPC addr: '127.0.0.1:7373'
         Encrypted: false
          Snapshot: false
           Profile: lan
==> Joining cluster...(replay: false)
    Join completed. Synced with 1 initial agents

==> Log data will now stream in as it occurs:

    2019/12/23 15:49:14 [INFO] agent: Serf agent starting
    2019/12/23 15:49:14 [INFO] serf: EventMemberJoin: a83468f0298c 172.19.0.3
    2019/12/23 15:49:14 [INFO] agent: joining: [ha] replay: false
    2019/12/23 15:49:14 [INFO] serf: EventMemberJoin: 5cfa000d7aef 172.19.0.2
    2019/12/23 15:49:14 [INFO] agent: joined: 1 nodes
Application started
    2019/12/23 15:49:15 [INFO] agent: Received event: member-join
